e:\asio\9_28\车牌识别项目\车牌识别项目\x64\debug\main.obj
e:\asio\9_28\车牌识别项目\车牌识别项目\x64\debug\qrc_qtwidgetsapplication.obj
e:\asio\9_28\车牌识别项目\车牌识别项目\x64\debug\moc_qtwidgetsapplication.obj
e:\asio\9_28\车牌识别项目\车牌识别项目\x64\debug\qtwidgetsapplication.obj
e:\asio\9_28\车牌识别项目\车牌识别项目\x64\debug\vc143.pdb
e:\asio\9_28\车牌识别项目\x64\debug\车牌识别项目.ilk
e:\asio\9_28\车牌识别项目\x64\debug\车牌识别项目.exe
e:\asio\9_28\车牌识别项目\x64\debug\车牌识别项目.pdb
e:\asio\9_28\车牌识别项目\车牌识别项目\x64\debug\moc\moc_qtwidgetsapplication.cpp
e:\asio\9_28\车牌识别项目\车牌识别项目\x64\debug\moc\moc_login.cpp
e:\asio\9_28\车牌识别项目\车牌识别项目\x64\debug\rcc\qrc_qtwidgetsapplication.cpp
e:\asio\9_28\车牌识别项目\车牌识别项目\x64\debug\uic\ui_qtwidgetsapplication.h
e:\asio\9_28\车牌识别项目\车牌识别项目\x64\debug\车牌识别项目.tlog\cl.20348.write.1.tlog
e:\asio\9_28\车牌识别项目\车牌识别项目\x64\debug\车牌识别项目.tlog\cl.command.1.tlog
e:\asio\9_28\车牌识别项目\车牌识别项目\x64\debug\车牌识别项目.tlog\cl.items.tlog
e:\asio\9_28\车牌识别项目\车牌识别项目\x64\debug\车牌识别项目.tlog\cl.read.1.tlog
e:\asio\9_28\车牌识别项目\车牌识别项目\x64\debug\车牌识别项目.tlog\link.command.1.tlog
e:\asio\9_28\车牌识别项目\车牌识别项目\x64\debug\车牌识别项目.tlog\link.read.1.tlog
e:\asio\9_28\车牌识别项目\车牌识别项目\x64\debug\车牌识别项目.tlog\link.write.1.tlog
e:\asio\9_28\车牌识别项目\车牌识别项目\x64\debug\车牌识别项目.tlog\moc.read.1u.tlog
e:\asio\9_28\车牌识别项目\车牌识别项目\x64\debug\车牌识别项目.tlog\moc.write.1u.tlog
e:\asio\9_28\车牌识别项目\车牌识别项目\x64\debug\车牌识别项目.tlog\rcc.read.1u.tlog
e:\asio\9_28\车牌识别项目\车牌识别项目\x64\debug\车牌识别项目.tlog\rcc.write.1u.tlog
e:\asio\9_28\车牌识别项目\车牌识别项目\x64\debug\车牌识别项目.tlog\uic.read.1u.tlog
e:\asio\9_28\车牌识别项目\车牌识别项目\x64\debug\车牌识别项目.tlog\uic.write.1u.tlog
e:\asio\9_28\车牌识别项目\车牌识别项目\x64\debug\车牌识别项目.tlog\车牌识别项目.write.1u.tlog
